
SQL*Loader: Release 11.2.0.2.0 - Production on Wed Aug 16 09:25:05 2023

Copyright (c) 1982, 2009, Oracle and/or its affiliates.  All rights reserved.

Control File:   control.ctl
Data File:      load_file.csv
  Bad File:     load_file.bad
  Discard File:  none specified
 
 (Allow all discards)

Number to load: ALL
Number to skip: 0
Errors allowed: 50
Bind array:     64 rows, maximum of 256000 bytes
Continuation:    none specified
Path used:      Conventional

Table SALARY, loaded from every logical record.
Insert option in effect for this table: INSERT
TRAILING NULLCOLS option in effect

   Column Name                  Position   Len  Term Encl Datatype
------------------------------ ---------- ----- ---- ---- ---------------------
ID                                  FIRST     *   ,  O(") CHARACTER            
NAME                                 NEXT     *   ,  O(") CHARACTER            
CITY                                 NEXT     *   ,  O(") CHARACTER            
AMOUNT                               NEXT     *   ,  O(") CHARACTER            


Table SALARY:
  32 Rows successfully loaded.
  0 Rows not loaded due to data errors.
  0 Rows not loaded because all WHEN clauses were failed.
  0 Rows not loaded because all fields were null.


Space allocated for bind array:                  66048 bytes(64 rows)
Read   buffer bytes: 1048576

Total logical records skipped:          0
Total logical records read:            32
Total logical records rejected:         0
Total logical records discarded:        0

Run began on Wed Aug 16 09:25:05 2023
Run ended on Wed Aug 16 09:25:05 2023

Elapsed time was:     00:00:00.06
CPU time was:         00:00:00.05
